0 info it worked if it ends with ok
1 verbose cli [ '/usr/local/bin/node', '/usr/local/bin/npm', 'publish' ]
2 info using npm@2.10.1
3 info using node@v0.12.4
4 verbose publish [ '.' ]
5 silly cache add args [ '.', null ]
6 verbose cache add spec .
7 silly cache add parsed spec { raw: '.',
7 silly cache add   scope: null,
7 silly cache add   name: null,
7 silly cache add   rawSpec: '.',
7 silly cache add   spec: '/Users/sguest/Dev/circleci-status',
7 silly cache add   type: 'directory' }
8 verbose addLocalDirectory /Users/sguest/.npm/circleci-status/0.10.2/package.tgz not in flight; packing
9 verbose tar pack [ '/Users/sguest/.npm/circleci-status/0.10.2/package.tgz',
9 verbose tar pack   '/Users/sguest/Dev/circleci-status' ]
10 verbose tarball /Users/sguest/.npm/circleci-status/0.10.2/package.tgz
11 verbose folder /Users/sguest/Dev/circleci-status
12 info prepublish circleci-status@0.10.2
13 verbose addLocalTarball adding from inside cache /Users/sguest/.npm/circleci-status/0.10.2/package.tgz
14 silly cache afterAdd circleci-status@0.10.2
15 verbose afterAdd /Users/sguest/.npm/circleci-status/0.10.2/package/package.json not in flight; writing
16 verbose afterAdd /Users/sguest/.npm/circleci-status/0.10.2/package/package.json written
17 silly publish { name: 'circleci-status',
17 silly publish   version: '0.10.2',
17 silly publish   description: 'Status CLI for Circle CI',
17 silly publish   bin: { 'circleci-status': './index.js' },
17 silly publish   scripts: { test: 'echo "Error: no test specified" && exit 1' },
17 silly publish   repository:
17 silly publish    { type: 'git',
17 silly publish      url: 'git+https://github.com/simonguest/circleci-status.git' },
17 silly publish   author:
17 silly publish    { name: 'Simon Guest',
17 silly publish      email: 'me@simonguest.com',
17 silly publish      url: 'http://github.com/simonguest' },
17 silly publish   license: 'Apache-2.0',
17 silly publish   bugs: { url: 'https://github.com/simonguest/circleci-status/issues' },
17 silly publish   homepage: 'https://github.com/simonguest/circleci-status#readme',
17 silly publish   dependencies:
17 silly publish    { chalk: '^1.1.1',
17 silly publish      moment: '^2.10.6',
17 silly publish      request: '^2.65.0',
17 silly publish      xml2js: '^0.4.12' },
17 silly publish   readme: '#circleci-status\n\ncircleci-status is a small, command line utility that makes it easy to check on the status of your CircleCI builds.\n\n## Installation\n\nInstall using the following command:\n\n```npm install -g circleci-status```\n\n## Configuring\n\nTo configure the tool, create a new file called ```.circleci-rc``` in your project directory. The .circlerc file should contain the name of the repo (including the github username), and status token (if the repo is private). Example:\n\n```\n{\n  "repo" : "username/repo",\n  "token" : "a1055a5cab3012186884214b38200e4c3b2f6ce2"\n}\n```\n\n## Running\n\nTo run, execute circleci-status from the command line:\n\n```\n~$ circleci-status\n```\n\n## Result Codes\n\nThe circleci-status will return one of the following status/codes:\n\n```\nBuilding...\n```\n\n```\nSuccess (Build: 44) completed Today at 3:17 PM\n```\n\n```\nFailure - Please check the repo at https://circleci.com/gh/username/repo/tree/master\n```\n\n```\nBuild Canceled - Please check the repo at https://circleci.com/gh/username/repo/tree/master\n```\n\nThe command line process will also exit with the correct error code (0 for success, 1 for failure)\n',
17 silly publish   readmeFilename: 'README.md',
17 silly publish   gitHead: '55eb0ef82c47d8a7f2c4857d8d3fb1836450835d',
17 silly publish   _id: 'circleci-status@0.10.2',
17 silly publish   _shasum: '9edd4efcb20e2db8d4c333f8f3ed9f1ed32b4f09',
17 silly publish   _from: '.' }
18 verbose getPublishConfig undefined
19 silly mapToRegistry name circleci-status
20 silly mapToRegistry using default registry
21 silly mapToRegistry registry https://registry.npmjs.org/
22 silly mapToRegistry uri https://registry.npmjs.org/circleci-status
23 verbose publish registryBase https://registry.npmjs.org/
24 silly publish uploading /Users/sguest/.npm/circleci-status/0.10.2/package.tgz
25 verbose request uri https://registry.npmjs.org/circleci-status
26 verbose request sending authorization for write operation
27 info attempt registry request try #1 at 4:18:25 PM
28 verbose request using bearer token for auth
29 verbose request id 174f6510e2a82c0f
30 http request PUT https://registry.npmjs.org/circleci-status
31 http 403 https://registry.npmjs.org/circleci-status
32 verbose headers { 'content-type': 'application/json',
32 verbose headers   'cache-control': 'max-age=60',
32 verbose headers   'content-length': '96',
32 verbose headers   'accept-ranges': 'bytes',
32 verbose headers   date: 'Tue, 13 Oct 2015 23:18:25 GMT',
32 verbose headers   via: '1.1 varnish',
32 verbose headers   connection: 'keep-alive',
32 verbose headers   'x-served-by': 'cache-lax1427-LAX',
32 verbose headers   'x-cache': 'MISS',
32 verbose headers   'x-cache-hits': '0',
32 verbose headers   'x-timer': 'S1444778305.820824,VS0,VE165' }
33 verbose request invalidating /Users/sguest/.npm/registry.npmjs.org/circleci-status on PUT
34 error publish Failed PUT 403
35 verbose stack Error: "You cannot publish over the previously published version 0.10.2." : circleci-status
35 verbose stack     at CachingRegistryClient.<anonymous> (/usr/local/lib/node_modules/npm/node_modules/npm-registry-client/lib/request.js:247:14)
35 verbose stack     at Request._callback (/usr/local/lib/node_modules/npm/node_modules/npm-registry-client/lib/request.js:170:14)
35 verbose stack     at Request.self.callback (/usr/local/lib/node_modules/npm/node_modules/request/request.js:368:22)
35 verbose stack     at Request.emit (events.js:110:17)
35 verbose stack     at Request.<anonymous> (/usr/local/lib/node_modules/npm/node_modules/request/request.js:1219:14)
35 verbose stack     at Request.emit (events.js:129:20)
35 verbose stack     at IncomingMessage.<anonymous> (/usr/local/lib/node_modules/npm/node_modules/request/request.js:1167:12)
35 verbose stack     at IncomingMessage.emit (events.js:129:20)
35 verbose stack     at _stream_readable.js:908:16
35 verbose stack     at process._tickCallback (node.js:355:11)
36 verbose statusCode 403
37 verbose pkgid circleci-status
38 verbose cwd /Users/sguest/Dev/circleci-status
39 error Darwin 14.5.0
40 error argv "/usr/local/bin/node" "/usr/local/bin/npm" "publish"
41 error node v0.12.4
42 error npm  v2.10.1
43 error code E403
44 error "You cannot publish over the previously published version 0.10.2." : circleci-status
45 error If you need help, you may report this error at:
45 error     <https://github.com/npm/npm/issues>
46 verbose exit [ 1, true ]
